<?xml version="1.0" encoding="UTF-8"?>
<testsuite name="StylistTest" tests="8" skipped="0" failures="0" errors="0" timestamp="2016-05-07T08:00:29" hostname="epicodus-87.local" time="0.162">
  <properties/>
  <testcase name="equals_returnsTrueIfNamesAretheSame" classname="StylistTest" time="0.006"/>
  <testcase name="getStylistName_stylistInstantiatesWithName_String" classname="StylistTest" time="0.005"/>
  <testcase name="Stylist_instantiatesCorrectly_true" classname="StylistTest" time="0.011"/>
  <testcase name="all_emptyAtFirst" classname="StylistTest" time="0.01"/>
  <testcase name="find_findStylistInDatabase_true" classname="StylistTest" time="0.04"/>
  <testcase name="save_savesIntoDatabase_true" classname="StylistTest" time="0.047"/>
  <testcase name="save_assignsIdToObject" classname="StylistTest" time="0.016"/>
  <testcase name="getClients_retrievesALlClientsFromDatabase_clientsList" classname="StylistTest" time="0.025"/>
  <system-out><![CDATA[]]></system-out>
  <system-err><![CDATA[]]></system-err>
</testsuite>
