<?xml version="1.0" encoding="UTF-8"?>
<testsuite name="ClientTest" tests="10" skipped="0" failures="0" errors="0" timestamp="2016-05-07T08:00:29" hostname="epicodus-87.local" time="0.185">
  <properties/>
  <testcase name="find_findsClientInDatabase_true" classname="ClientTest" time="0.04"/>
  <testcase name="save_savesStylistIdIntoDB_true" classname="ClientTest" time="0.029"/>
  <testcase name="save_returnsTrueIfClientNamesAretheSame" classname="ClientTest" time="0.02"/>
  <testcase name="equals_returnsTrueIfClientNamesAretheSame" classname="ClientTest" time="0.006"/>
  <testcase name="getClientName_clientInstantiatesWithClientName_String" classname="ClientTest" time="0.006"/>
  <testcase name="all_emptyAtFirst" classname="ClientTest" time="0.009"/>
  <testcase name="Client_instantiatesCorrectly_true" classname="ClientTest" time="0.005"/>
  <testcase name="save_assignsIdToObject" classname="ClientTest" time="0.015"/>
  <testcase name="update_updatesClientClientName_true" classname="ClientTest" time="0.024"/>
  <testcase name="delete_deletesClient_true" classname="ClientTest" time="0.021"/>
  <system-out><![CDATA[]]></system-out>
  <system-err><![CDATA[]]></system-err>
</testsuite>
